Loading db file '/usr/local/eda/synLibs/asap7/7nm/db/asap7.db'
Information: Propagating switching activity (low effort zero delay simulation). (PWR-6)
Warning: There is no defined clock in the design. (PWR-80)
Warning: Design has unannotated primary inputs. (PWR-414)
 
****************************************
Report : power
        -hier
        -analysis_effort low
Design : argmax
Version: T-2022.03-SP5
Date   : Mon May 27 23:57:10 2024
****************************************


Library(s) Used:

    asap7 (File: /usr/local/eda/synLibs/asap7/7nm/db/asap7.db)


Operating Conditions: PVT_0P7V_25C   Library: asap7
Wire Load Model Mode: top


Global Operating Voltage = 0.7  
Power-specific unit information :
    Voltage Units = 1V
    Capacitance Units = 1.000000ff
    Time Units = 1ps
    Dynamic Power Units = 1mW    (derived from V,C,T units)
    Leakage Power Units = 1pW


--------------------------------------------------------------------------------
                                       Switch   Int      Leak     Total
Hierarchy                              Power    Power    Power    Power    %
--------------------------------------------------------------------------------
argmax                                   22.728   18.584 7.38e+04   41.312 100.0
1
