Loading db file '/usr/local/eda/synLibs/asap7/7nm/db/asap7.db'
Information: Propagating switching activity (low effort zero delay simulation). (PWR-6)
Warning: Design has unannotated primary inputs. (PWR-414)
Warning: Design has unannotated sequential cell outputs. (PWR-415)
 
****************************************
Report : power
        -hier
        -analysis_effort low
Design : fp32mul
Version: T-2022.03-SP5
Date   : Tue May 28 17:40:21 2024
****************************************


Library(s) Used:

    asap7 (File: /usr/local/eda/synLibs/asap7/7nm/db/asap7.db)


Operating Conditions: PVT_0P7V_25C   Library: asap7
Wire Load Model Mode: top


Global Operating Voltage = 0.7  
Power-specific unit information :
    Voltage Units = 1V
    Capacitance Units = 1.000000ff
    Time Units = 1ps
    Dynamic Power Units = 1mW    (derived from V,C,T units)
    Leakage Power Units = 1pW


--------------------------------------------------------------------------------
                                       Switch   Int      Leak     Total
Hierarchy                              Power    Power    Power    Power    %
--------------------------------------------------------------------------------
fp32mul                                   0.685    2.578 4.34e+05    3.263 100.0
  add_123 (fp32mul_DW01_inc_2)         1.63e-02 9.82e-03 1.15e+04 2.61e-02   0.8
  mult_97 (fp32mul_DW02_mult_0)           0.452    0.350 3.03e+05    0.802  24.6
  add_109 (fp32mul_DW01_add_2)         1.14e-03 8.50e-04 2.62e+03 2.00e-03   0.1
  add_1_root_add_96_2 (fp32mul_DW01_add_1)
                                       2.54e-03 2.69e-03 2.84e+03 5.23e-03   0.2
  add_125 (fp32mul_DW01_inc_0_DW01_inc_1)
                                       1.04e-03 1.12e-03 1.91e+03 2.16e-03   0.1
1
