Information: Updating design information... (UID-85)
 
****************************************
Report : timing
        -path full
        -delay max
        -max_paths 1
Design : fp32mul
Version: T-2022.03-SP5
Date   : Tue May 28 17:46:11 2024
****************************************

Operating Conditions: PVT_0P7V_25C   Library: asap7
Wire Load Model Mode: top

  Startpoint: a_m_reg[9] (rising edge-triggered flip-flop clocked by clk)
  Endpoint: product_reg[32]
            (rising edge-triggered flip-flop clocked by clk)
  Path Group: clk
  Path Type: max

  Point                                                   Incr       Path
  --------------------------------------------------------------------------
  clock clk (rise edge)                                   0.00       0.00
  clock network delay (ideal)                             0.00       0.00
  a_m_reg[9]/CLK (DFFHQNx1_ASAP7_75t_R)                   0.00       0.00 r
  a_m_reg[9]/QN (DFFHQNx1_ASAP7_75t_R)                   48.82      48.82 f
  U1925/Y (BUFx3_ASAP7_75t_R)                            24.39      73.21 f
  U2185/Y (XOR2x2_ASAP7_75t_R)                           42.57     115.78 r
  U2125/Y (NAND2x2_ASAP7_75t_R)                          19.71     135.50 f
  U2118/Y (OAI22xp5_ASAP7_75t_R)                         27.16     162.65 r
  U3040/Y (MAJIxp5_ASAP7_75t_R)                          27.22     189.87 f
  U1673/Y (OAI21xp5_ASAP7_75t_R)                         21.85     211.71 r
  U2447/Y (NAND2x1_ASAP7_75t_R)                          15.10     226.81 f
  mult_x_2/U950/CON (FAx1_ASAP7_75t_R)                   32.15     258.96 r
  mult_x_2/U950/SN (FAx1_ASAP7_75t_R)                    23.31     282.27 f
  U2131/Y (XNOR2xp5_ASAP7_75t_R)                         29.55     311.82 f
  U863/Y (XNOR2xp5_ASAP7_75t_R)                          27.87     339.69 f
  U2112/Y (NAND2xp5_ASAP7_75t_R)                         22.36     362.05 r
  U2315/Y (OAI21x1_ASAP7_75t_R)                          16.82     378.86 f
  U1589/Y (AOI21x1_ASAP7_75t_R)                          15.96     394.82 r
  U1588/Y (OAI21x1_ASAP7_75t_R)                          13.86     408.68 f
  U1584/Y (AOI21x1_ASAP7_75t_R)                          18.20     426.88 r
  U1701/Y (OAI21x1_ASAP7_75t_R)                          14.18     441.06 f
  U2598/Y (BUFx6f_ASAP7_75t_R)                           25.27     466.32 f
  U1081/Y (AOI21xp5_ASAP7_75t_R)                         18.78     485.10 r
  U3003/Y (XOR2xp5_ASAP7_75t_R)                          24.18     509.28 r
  U3752/Y (OAI21xp5_ASAP7_75t_R)                         12.11     521.40 f
  product_reg[32]/D (DFFHQNx1_ASAP7_75t_R)                0.00     521.40 f
  data arrival time                                                521.40

  clock clk (rise edge)                                 250.00     250.00
  clock network delay (ideal)                             0.00     250.00
  product_reg[32]/CLK (DFFHQNx1_ASAP7_75t_R)              0.00     250.00 r
  library setup time                                     -6.52     243.48
  data required time                                               243.48
  --------------------------------------------------------------------------
  data required time                                               243.48
  data arrival time                                               -521.40
  --------------------------------------------------------------------------
  slack (VIOLATED)                                                -277.92


1
