Information: Updating design information... (UID-85)
 
****************************************
Report : timing
        -path full
        -delay max
        -max_paths 1
Design : fp32mulsc
Version: T-2022.03-SP5
Date   : Tue May 28 15:38:28 2024
****************************************

Operating Conditions: PVT_0P7V_25C   Library: asap7
Wire Load Model Mode: top

  Startpoint: a[11] (input port)
  Endpoint: z[9] (output port)
  Path Group: default
  Path Type: max

  Point                                                   Incr       Path
  --------------------------------------------------------------------------
  input external delay                                    0.00       0.00 r
  a[11] (in)                                              0.00       0.00 r
  U1009/Y (XNOR2x1_ASAP7_75t_R)                          20.72      20.72 r
  U826/Y (INVx3_ASAP7_75t_R)                             14.73      35.45 f
  U410/Y (NAND2x2_ASAP7_75t_R)                           17.30      52.75 r
  U988/Y (OAI22x1_ASAP7_75t_R)                           19.20      71.95 f
  U960/Y (HB1xp67_ASAP7_75t_R)                           31.15     103.10 f
  mult_x_1/U851/CON (FAx1_ASAP7_75t_R)                   22.69     125.79 r
  U1807/Y (INVx1_ASAP7_75t_R)                            17.59     143.38 f
  U2026/Y (MAJIxp5_ASAP7_75t_R)                          24.69     168.08 r
  mult_x_1/U808/SN (FAx1_ASAP7_75t_R)                    55.72     223.80 r
  mult_x_1/U806/SN (FAx1_ASAP7_75t_R)                    64.25     288.04 f
  U1263/Y (XOR2x2_ASAP7_75t_R)                           42.11     330.16 r
  U928/Y (NAND2xp5_ASAP7_75t_R)                          12.25     342.40 f
  U604/Y (OAI21xp5_ASAP7_75t_R)                          19.19     361.59 r
  U977/Y (AOI21x1_ASAP7_75t_R)                           13.00     374.59 f
  U1333/Y (OAI21x1_ASAP7_75t_R)                          11.57     386.16 r
  U1450/Y (BUFx6f_ASAP7_75t_R)                           26.61     412.77 r
  U2283/Y (AOI21xp5_ASAP7_75t_R)                         19.54     432.31 f
  U1230/Y (XNOR2x1_ASAP7_75t_R)                          26.40     458.71 f
  U1229/Y (NAND3x1_ASAP7_75t_R)                          22.57     481.28 r
  U1062/Y (NOR2x1p5_ASAP7_75t_R)                         16.38     497.66 f
  U1058/Y (NAND2x1p5_ASAP7_75t_R)                        15.95     513.61 r
  U1074/Y (NOR2x1p5_ASAP7_75t_R)                         15.23     528.85 f
  U888/Y (NAND2x1p5_ASAP7_75t_R)                         12.82     541.67 r
  U1403/Y (NAND2x1p5_ASAP7_75t_R)                        12.39     554.05 f
  U1545/Y (NAND3x2_ASAP7_75t_R)                          14.14     568.19 r
  U1542/Y (NAND4xp75_ASAP7_75t_R)                        17.09     585.28 f
  U1546/Y (NAND2xp5_ASAP7_75t_R)                         18.23     603.51 r
  U1610/Y (BUFx6f_ASAP7_75t_R)                           24.23     627.74 r
  U1889/Y (OAI22xp33_ASAP7_75t_R)                        12.21     639.95 f
  z[9] (out)                                              0.00     639.95 f
  data arrival time                                                639.95

  max_delay                                             250.00     250.00
  output external delay                                   0.00     250.00
  data required time                                               250.00
  --------------------------------------------------------------------------
  data required time                                               250.00
  data arrival time                                               -639.95
  --------------------------------------------------------------------------
  slack (VIOLATED)                                                -389.95


1
