 
****************************************
Report : area
Design : shiftregister
Version: T-2022.03-SP5
Date   : Mon May 27 22:08:52 2024
****************************************

Library(s) Used:

    asap7 (File: /usr/local/eda/synLibs/asap7/7nm/db/asap7.db)

Number of ports:                           14
Number of nets:                            27
Number of cells:                           18
Number of combinational cells:             13
Number of sequential cells:                 5
Number of macros/black boxes:               0
Number of buf/inv:                          4
Number of references:                       7

Combinational area:                 17.029440
Buf/Inv area:                        2.799360
Noncombinational area:              28.926720
Macro/Black Box area:                0.000000
Net Interconnect area:      undefined  (No wire load specified)

Total cell area:                    45.956159
Total area:                 undefined

Hierarchical area distribution
------------------------------

                                  Global cell area          Local cell area
                                  ------------------  --------------------------- 
Hierarchical cell                 Absolute   Percent  Combi-    Noncombi-  Black-
                                  Total      Total    national  national   boxes   Design
--------------------------------  ---------  -------  --------  ---------  ------  ---------
shiftregister                       45.9562    100.0   17.0294    28.9267  0.0000  shiftregister
--------------------------------  ---------  -------  --------  ---------  ------  ---------
Total                                                  17.0294    28.9267  0.0000

1
