Information: Updating design information... (UID-85)
 
****************************************
Report : timing
        -path full
        -delay max
        -max_paths 1
Design : vmcoffee
Version: T-2022.03-SP5
Date   : Mon May 27 22:16:48 2024
****************************************

Operating Conditions: PVT_0P7V_25C   Library: asap7
Wire Load Model Mode: top

  Startpoint: state_reg[0]
              (rising edge-triggered flip-flop clocked by clk)
  Endpoint: state_reg[1]
            (rising edge-triggered flip-flop clocked by clk)
  Path Group: clk
  Path Type: max

  Point                                                   Incr       Path
  --------------------------------------------------------------------------
  clock clk (rise edge)                                   0.00       0.00
  clock network delay (ideal)                             0.00       0.00
  state_reg[0]/CLK (ASYNC_DFFHx1_ASAP7_75t_R)             0.00       0.00 r
  state_reg[0]/QN (ASYNC_DFFHx1_ASAP7_75t_R)             48.47      48.47 r
  U41/Y (INVx1_ASAP7_75t_R)                              12.10      60.57 f
  U52/Y (OR2x2_ASAP7_75t_R)                              23.19      83.76 f
  U28/Y (OR2x2_ASAP7_75t_R)                              22.47     106.23 f
  U33/Y (NOR2xp33_ASAP7_75t_R)                           13.43     119.66 r
  U31/Y (OAI21xp5_ASAP7_75t_R)                           12.20     131.86 f
  state_reg[1]/D (ASYNC_DFFHx1_ASAP7_75t_R)               0.00     131.86 f
  data arrival time                                                131.86

  clock clk (rise edge)                                 150.00     150.00
  clock network delay (ideal)                             0.00     150.00
  state_reg[1]/CLK (ASYNC_DFFHx1_ASAP7_75t_R)             0.00     150.00 r
  library setup time                                    -16.34     133.66
  data required time                                               133.66
  --------------------------------------------------------------------------
  data required time                                               133.66
  data arrival time                                               -131.86
  --------------------------------------------------------------------------
  slack (MET)                                                        1.80


1
